{"message":"unauthorized request /bookmarks","level":"error"}
{"message":"unauthorized request /bookmarks","level":"error"}
{"message":"unauthorized request /bookmarks","level":"error"}
{"message":"unauthorized request /bookmarks","level":"error"}
{"message":"unauthorized request /bookmarks","level":"error"}
{"message":"unauthorized request /bookmarks","level":"error"}
{"message":"title is required","level":"error"}
{"message":"bookmark with 80160e44-0272-4e74-993d-cec8d0dbd950 created","level":"info"}
{"message":"bookmark with 8fc06df7-429b-4c2b-af47-6ff1975d8a4c created","level":"info"}
{"message":"bookmark id 12345 deleted","level":"info"}
{"message":"bookmark id 1 deleted","level":"info"}
{"message":"title is required","level":"error"}
{"message":"bookmark id 1 deleted","level":"info"}
{"message":"title is required","level":"error"}
{"message":"bookmark id 1 deleted","level":"info"}
{"message":"bookmark id 1 deleted","level":"info"}
{"message":"bookmark id 1 deleted","level":"info"}
{"message":"bookmark id 1 deleted","level":"info"}
{"message":"bookmark with 1 created","level":"info"}
{"message":"bookmark id 1 deleted","level":"info"}
{"message":"bookmark with 1 created","level":"info"}
{"message":"bookmark id 1 deleted","level":"info"}
{"message":"bookmark with 1 created","level":"info"}
{"message":"bookmark id 1 deleted","level":"info"}
{"message":"bookmark with 1 created","level":"info"}
{"message":"bookmark id 1 deleted","level":"info"}
{"message":"bookmark with 1 created","level":"info"}
{"message":"bookmark id 1 deleted","level":"info"}
{"message":"bookmark with 1 created","level":"info"}
{"message":"bookmark id 1 deleted","level":"info"}
{"message":"bookmark with 1 created","level":"info"}
{"message":"bookmark id 1 deleted","level":"info"}
{"message":"bookmark with 1 created","level":"info"}
{"message":"bookmark id 1 deleted","level":"info"}
{"message":"bookmark with 1 created","level":"info"}
{"message":"bookmark id 1 deleted","level":"info"}
{"message":"bookmark with 1 created","level":"info"}
{"message":"bookmark with 1 created","level":"info"}
{"message":"bookmark id 1 deleted","level":"info"}
{"message":"bookmark with 1 created","level":"info"}
{"message":"bookmark with 1 created","level":"info"}
{"message":"bookmark id 1 deleted","level":"info"}
{"message":"bookmark with 1 created","level":"info"}
{"message":"bookmark with 1 created","level":"info"}
{"message":"bookmark id 1 deleted","level":"info"}
{"message":"bookmark with 1 created","level":"info"}
{"message":"bookmark with 1 created","level":"info"}
{"message":"bookmark id 1 deleted","level":"info"}
{"message":"bookmark with 1 created","level":"info"}
{"message":"bookmark with 1 created","level":"info"}
{"message":"bookmark id 1 deleted","level":"info"}
{"message":"bookmark with 1 created","level":"info"}
{"message":"bookmark with 1 created","level":"info"}
{"message":"bookmark id 1 deleted","level":"info"}
{"message":"bookmark with 1 created","level":"info"}
{"message":"bookmark with 1 created","level":"info"}
{"message":"bookmark id 1 deleted","level":"info"}
{"message":"bookmark with 1 created","level":"info"}
{"message":"bookmark with 1 created","level":"info"}
{"message":"bookmark id 1 deleted","level":"info"}
{"message":"bookmark with 1 created","level":"info"}
{"message":"bookmark with 1 created","level":"info"}
{"message":"bookmark id 1 deleted","level":"info"}
{"message":"bookmark with 1 created","level":"info"}
{"message":"bookmark with 1 created","level":"info"}
{"message":"bookmark with 1 created","level":"info"}
{"message":"bookmark with 1 created","level":"info"}
{"message":"bookmark with 1 created","level":"info"}
{"message":"bookmark with 1 created","level":"info"}
{"message":"bookmark with 1 created","level":"info"}
{"message":"bookmark with 1 created","level":"info"}
{"message":"bookmark with 1 created","level":"info"}
{"message":"bookmark with 1 created","level":"info"}
{"message":"bookmark id 1 deleted","level":"info"}
{"message":"bookmark with 1 created","level":"info"}
{"message":"bookmark with 1 created","level":"info"}
{"message":"bookmark id 1 deleted","level":"info"}
{"message":"bookmark id 1 updated","level":"info"}
{"message":"bookmark with 1 created","level":"info"}
{"message":"bookmark with 1 created","level":"info"}
{"message":"bookmark with 1 created","level":"info"}
{"message":"bookmark with 1 created","level":"info"}
{"message":"bookmark with 1 created","level":"info"}
{"message":"bookmark with 1 created","level":"info"}
{"message":"bookmark with 1 created","level":"info"}
{"message":"bookmark with 1 created","level":"info"}
{"message":"bookmark with 1 created","level":"info"}
{"message":"bookmark with 1 created","level":"info"}
{"message":"bookmark with 1 created","level":"info"}
{"message":"bookmark with 1 created","level":"info"}
{"message":"bookmark with 1 created","level":"info"}
{"message":"bookmark with 1 created","level":"info"}
{"message":"bookmark id 1 deleted","level":"info"}
{"message":"bookmark id 1 updated","level":"info"}
{"message":"bookmark with 1 created","level":"info"}
{"message":"bookmark with 1 created","level":"info"}
{"message":"bookmark with 1 created","level":"info"}
{"message":"bookmark with 1 created","level":"info"}
{"message":"bookmark with 1 created","level":"info"}
{"message":"bookmark with 1 created","level":"info"}
{"message":"bookmark id 1 deleted","level":"info"}
{"message":"bookmark id 1 updated","level":"info"}
{"message":"bookmark with 1 created","level":"info"}
{"message":"bookmark with 1 created","level":"info"}
{"message":"bookmark with 1 created","level":"info"}
{"message":"bookmark with 1 created","level":"info"}
{"message":"bookmark with 1 created","level":"info"}
{"message":"bookmark with 1 created","level":"info"}
{"message":"bookmark with 1 created","level":"info"}
{"message":"bookmark with 1 created","level":"info"}
{"message":"bookmark id 1 deleted","level":"info"}
{"message":"bookmark id 1 updated","level":"info"}
{"message":"bookmark with 1 created","level":"info"}
{"message":"bookmark with 1 created","level":"info"}
{"message":"bookmark id 1 deleted","level":"info"}
{"message":"bookmark id 1 updated","level":"info"}
{"message":"bookmark with 5 created","level":"info"}
{"message":"bookmark with 1 created","level":"info"}
{"message":"bookmark with 1 created","level":"info"}
{"message":"bookmark id 1 deleted","level":"info"}
{"message":"bookmark id 1 updated","level":"info"}
{"message":"bookmark with 1 created","level":"info"}
{"message":"bookmark with 1 created","level":"info"}
{"message":"bookmark id 1 deleted","level":"info"}
{"message":"bookmark id 1 updated","level":"info"}
{"message":"url is required","level":"error"}
{"message":"url is required","level":"error"}
{"message":"bookmark with 6 created","level":"info"}
{"message":"bookmark id 6 deleted","level":"info"}
{"message":"bookmark id 2 deleted","level":"info"}
{"message":"bookmark id 3 deleted","level":"info"}
{"message":"bookmark with 7 created","level":"info"}
{"message":"bookmark id 4 deleted","level":"info"}
{"message":"bookmark id 5 deleted","level":"info"}
{"message":"bookmark with 8 created","level":"info"}
{"message":"bookmark with 9 created","level":"info"}
{"message":"bookmark id 7 deleted","level":"info"}
{"message":"bookmark id 9 deleted","level":"info"}
{"message":"bookmark with 10 created","level":"info"}
{"message":"bookmark with 11 created","level":"info"}
{"message":"bookmark id 1 deleted","level":"info"}
{"message":"bookmark with 12 created","level":"info"}
{"message":"bookmark id 8 deleted","level":"info"}
{"message":"bookmark id 10 deleted","level":"info"}
{"message":"bookmark with 13 created","level":"info"}
{"message":"bookmark id 12 deleted","level":"info"}
{"message":"bookmark with 14 created","level":"info"}
{"message":"bookmark with 15 created","level":"info"}
{"message":"bookmark with 16 created","level":"info"}
{"message":"bookmark id 11 updated","level":"info"}
{"message":"bookmark id 11 updated","level":"info"}
{"message":"bookmark id 11 updated","level":"info"}
{"message":"bookmark id 13 updated","level":"info"}
{"message":"bookmark id 13 updated","level":"info"}
{"message":"bookmark id 14 updated","level":"info"}
{"message":"bookmark id 15 updated","level":"info"}
{"message":"bookmark id 16 updated","level":"info"}
{"message":"bookmark id 16 updated","level":"info"}
{"message":"bookmark id 16 updated","level":"info"}
{"message":"bookmark id 16 updated","level":"info"}
{"message":"bookmark id 11 updated","level":"info"}
{"message":"bookmark with 17 created","level":"info"}
{"message":"bookmark id 13 updated","level":"info"}
{"message":"bookmark id 13 updated","level":"info"}
{"message":"bookmark id 13 updated","level":"info"}
{"message":"bookmark id 14 updated","level":"info"}
{"message":"bookmark id 15 updated","level":"info"}
{"message":"bookmark id 15 updated","level":"info"}
{"message":"bookmark id 15 updated","level":"info"}
{"message":"bookmark id 15 updated","level":"info"}
{"message":"bookmark id 15 updated","level":"info"}
{"message":"bookmark id 15 updated","level":"info"}
{"message":"bookmark id 15 updated","level":"info"}
{"message":"bookmark id 15 updated","level":"info"}
{"message":"bookmark id 15 updated","level":"info"}
{"message":"bookmark id 15 updated","level":"info"}
{"message":"bookmark id 15 updated","level":"info"}
{"message":"bookmark id 15 updated","level":"info"}
{"message":"bookmark id 15 updated","level":"info"}
{"message":"bookmark id 15 updated","level":"info"}
{"message":"bookmark id 15 updated","level":"info"}
{"message":"bookmark id 15 updated","level":"info"}
{"message":"bookmark id 17 updated","level":"info"}
{"message":"bookmark id 11 updated","level":"info"}
{"message":"bookmark id 16 updated","level":"info"}
{"message":"bookmark id 13 updated","level":"info"}
{"message":"bookmark id 13 updated","level":"info"}
{"message":"bookmark id 13 updated","level":"info"}
{"message":"bookmark id 14 updated","level":"info"}
{"message":"bookmark id 15 updated","level":"info"}
{"message":"bookmark id 14 updated","level":"info"}
{"message":"bookmark id 17 updated","level":"info"}
{"message":"bookmark id 17 updated","level":"info"}
{"message":"bookmark id 17 updated","level":"info"}
{"message":"bookmark id 17 updated","level":"info"}
{"message":"bookmark id 17 updated","level":"info"}
{"message":"bookmark id 17 updated","level":"info"}
{"message":"bookmark id 17 updated","level":"info"}
{"message":"bookmark id 17 updated","level":"info"}
{"message":"bookmark id 17 updated","level":"info"}
{"message":"bookmark id 17 updated","level":"info"}
{"message":"bookmark id 17 updated","level":"info"}
{"message":"bookmark id 17 updated","level":"info"}
{"message":"bookmark id 17 updated","level":"info"}
{"message":"bookmark id 17 updated","level":"info"}
{"message":"bookmark id 17 updated","level":"info"}
{"message":"bookmark id 17 updated","level":"info"}
{"message":"bookmark id 17 updated","level":"info"}
{"message":"bookmark id 17 updated","level":"info"}
{"message":"bookmark id 17 updated","level":"info"}
{"message":"bookmark id 17 updated","level":"info"}
{"message":"bookmark id 17 updated","level":"info"}
{"message":"bookmark id 17 updated","level":"info"}
{"message":"bookmark id 17 updated","level":"info"}
{"message":"bookmark id 17 updated","level":"info"}
{"message":"bookmark id 17 updated","level":"info"}
{"message":"bookmark id 17 updated","level":"info"}
{"message":"bookmark id 17 updated","level":"info"}
{"message":"bookmark id 17 updated","level":"info"}
{"message":"bookmark id 17 updated","level":"info"}
{"message":"bookmark id 17 updated","level":"info"}
{"message":"bookmark id 17 updated","level":"info"}
{"message":"bookmark id 17 updated","level":"info"}
{"message":"bookmark id 17 updated","level":"info"}
{"message":"bookmark id 17 updated","level":"info"}
{"message":"bookmark id 17 updated","level":"info"}
{"message":"bookmark id 17 updated","level":"info"}
{"message":"bookmark id 17 updated","level":"info"}
{"message":"bookmark id 11 updated","level":"info"}
{"message":"bookmark id 11 deleted","level":"info"}
{"message":"bookmark id 16 updated","level":"info"}
{"message":"bookmark id 17 updated","level":"info"}
{"message":"bookmark id 17 updated","level":"info"}
{"message":"bookmark id 16 updated","level":"info"}
{"message":"bookmark id 17 updated","level":"info"}
{"message":"bookmark id 16 updated","level":"info"}
{"message":"bookmark id 16 updated","level":"info"}
{"message":"bookmark id 17 updated","level":"info"}
{"message":"bookmark id 16 updated","level":"info"}
{"message":"bookmark id 13 updated","level":"info"}
{"message":"bookmark id 17 updated","level":"info"}
{"message":"bookmark id 17 updated","level":"info"}
{"message":"bookmark id 17 updated","level":"info"}
{"message":"bookmark id 15 updated","level":"info"}
{"message":"bookmark id 14 updated","level":"info"}
{"message":"bookmark id 16 updated","level":"info"}
{"message":"bookmark id 16 updated","level":"info"}
